ISim log file
Running: /home/luki/Documents/Dokumenty/xilinx/sUART/test2_isim_beh.exe -intstyle ise -gui -tclbatch isim.cmd -wdb /home/luki/Documents/Dokumenty/xilinx/sUART/test2_isim_beh.wdb 
ISim P.15xf (signature 0x8ddf5b5d)
----------------------------------------------------------------------
INFO:Security:51 - The XILINXD_LICENSE_FILE environment variable is not set.
INFO:Security:53 - The LM_LICENSE_FILE environment variable is not set.
INFO:Security:68a - user is lukinowy, on host unknown.
WARNING:Security:43 - No license file was found in the standard Xilinx license directory.
WARNING:Security:44 - Since no license file was found,
       please run the Xilinx License Configuration Manager
       (xlcm or "Manage Xilinx Licenses")
       to assist in obtaining a license.
ERROR:Security:14 - No feature was available for 'ISIM'.

No such feature exists.
Feature:       ISIM
License path:  /home/lukinowy/.Xilinx/*.lic:/home/opt/xilinx/14.1/ISE_DS/ISE//data/*.lic:/home/opt/xilinx/14.1/ISE_DS/ISE//coregen/core_licenses/Xilinx.lic:/home/opt/xilinx/14.1/ISE_DS/ISE//coregen/core_licenses/XilinxFree.lic:
FLEXnet Licensing error:-5,357
For further information, refer to the FLEXnet Licensing documentation,
available at "www.acresso.com".
----------------------------------------------------------------------
WARNING: A full ISim License cannot be checked out due to the issues listed above. Please use Xilinx License Configuration Manager to fix these issues in order to check out a full ISim license.
WARNING: ISim will run in Lite mode. Please refer to the ISim documentation for more information on the differences between the Lite and the Full version.
This is a Lite version of ISim.
Time resolution is 1 ps
# onerror resume
# wave add /
# run 1000 ns
Simulator is doing circuit initialization process.
ERROR: File descriptor (-1) passed to $fgetc is not valid
WARNING: File/Multi-channel descriptor (-1) passed to $fclose is not valid
WARNING: File/Multi-channel descriptor (-1) passed to $fclose is not valid
WARNING: File/Multi-channel descriptor (-1) passed to $fclose is not valid
WARNING: File descriptor (-1) passed to $fwrite is not valid
Finished circuit initialization process.
P:  0
P:  1
P:  2
P:  3
P:  4
P:  5
P:  6
P:  7
P:  0
P:  1
P:  2
P:  3
P:  4
P:  5
P:  6
P:  7
P:  0
P:  1
P:  2
P:  3
P:  4
P:  5
P:  6
P:  7
P:  0
P:  1
P:  2
P:  3
P:  4
P:  5
P:  6
P:  7
P:  0
P:  1
P:  2
P:  3
P:  4
P:  5
P:  6
P:  7
P:  0
P:  1
P:  2
P:  3
P:  4
P:  5
P:  6
P:  7
P:  0
P:  1
P:  2
P:  3
P:  4
P:  5
P:  6
P:  7
P:  0
P:  1
P:  2
P:  3
P:  4
P:  5
P:  6
P:  7
P:  0
P:  1
P:  2
P:  3
P:  4
P:  5
P:  6
P:  7
P:  0
P:  1
P:  2
P:  3
P:  4
P:  5
P:  6
P:  7
P:  0
P:  1
P:  2
P:  3
P:  4
P:  5
P:  6
P:  7
P:  0
P:  1
P:  2
P:  3
P:  4
P:  5
P:  6
P:  7
P:  0
P:  1
P:  2
P:  3
P:  4
P:  5
P:  6
P:  7
P:  0
P:  1
P:  2
P:  3
P:  4
P:  5
P:  6
P:  7
P:  0
P:  1
P:  2
P:  3
P:  4
P:  5
P:  6
P:  7
P:  0
P:  1
P:  2
P:  3
P:  4
P:  5
P:  6
P:  7
P:  0
P:  1
P:  2
P:  3
P:  4
P:  5
P:  6
P:  7
P:  0
P:  1
P:  2
P:  3
P:  4
P:  5
P:  6
P:  7
P:  0
P:  1
P:  2
P:  3
P:  4
P:  5
P:  6
P:  7
P:  0
P:  1
P:  2
P:  3
P:  4
P:  5
P:  6
P:  7
P:  0
P:  1
P:  2
P:  3
P:  4
P:  5
P:  6
P:  7
P:  0
P:  1
P:  2
P:  3
P:  4
P:  5
P:  6
P:  7
P:  0
P:  1
P:  2
P:  3
P:  4
P:  5
P:  6
P:  7
P:  0
P:  1
P:  2
P:  3
P:  4
P:  5
P:  6
P:  7
P:  0
P:  1
P:  2
P:  3
P:  4
P:  5
P:  6
P:  7
P:  0
P:  1
P:  2
P:  3
P:  4
P:  5
P:  6
P:  7
P:  0
P:  1
P:  2
P:  3
P:  4
P:  5
P:  6
P:  7
P:  0
P:  1
P:  2
P:  3
P:  4
P:  5
P:  6
P:  7
P:  0
P:  1
P:  2
P:  3
P:  4
P:  5
P:  6
P:  7
P:  0
P:  1
P:  2
P:  3
P:  4
P:  5
P:  6
P:  7
P:  0
P:  1
P:  2
P:  3
P:  4
P:  5
P:  6
P:  7
P:  0
P:  1
P:  2
P:  3
P:  4
P:  5
P:  6
P:  7
P:  0
P:  1
P:  2
P:  3
P:  4
P:  5
P:  6
P:  7
P:  0
P:  1
P:  2
P:  3
P:  4
P:  5
P:  6
P:  7
P:  0
P:  1
P:  2
P:  3
P:  4
P:  5
P:  6
P:  7
P:  0
P:  1
P:  2
P:  3
P:  4
P:  5
P:  6
P:  7
P:  0
P:  1
P:  2
P:  3
P:  4
P:  5
P:  6
P:  7
P:  0
P:  1
ISim P.15xf (signature 0x8ddf5b5d)
----------------------------------------------------------------------
INFO:Security:51 - The XILINXD_LICENSE_FILE environment variable is not set.
INFO:Security:53 - The LM_LICENSE_FILE environment variable is not set.
INFO:Security:68a - user is lukinowy, on host unknown.
WARNING:Security:43 - No license file was found in the standard Xilinx license directory.
WARNING:Security:44 - Since no license file was found,
       please run the Xilinx License Configuration Manager
       (xlcm or "Manage Xilinx Licenses")
       to assist in obtaining a license.
ERROR:Security:14 - No feature was available for 'ISIM'.

No such feature exists.
Feature:       ISIM
License path:  /home/lukinowy/.Xilinx/*.lic:/home/opt/xilinx/14.1/ISE_DS/ISE//data/*.lic:/home/opt/xilinx/14.1/ISE_DS/ISE//coregen/core_licenses/Xilinx.lic:/home/opt/xilinx/14.1/ISE_DS/ISE//coregen/core_licenses/XilinxFree.lic:
FLEXnet Licensing error:-5,357
For further information, refer to the FLEXnet Licensing documentation,
available at "www.acresso.com".
----------------------------------------------------------------------
WARNING: A full ISim License cannot be checked out due to the issues listed above. Please use Xilinx License Configuration Manager to fix these issues in order to check out a full ISim license.
WARNING: ISim will run in Lite mode. Please refer to the ISim documentation for more information on the differences between the Lite and the Full version.
This is a Lite version of ISim.
# run 1000 ns
Simulator is doing circuit initialization process.
ERROR: File descriptor (-1) passed to $fgetc is not valid
WARNING: File/Multi-channel descriptor (-1) passed to $fclose is not valid
WARNING: File/Multi-channel descriptor (-1) passed to $fclose is not valid
WARNING: File/Multi-channel descriptor (-1) passed to $fclose is not valid
WARNING: File descriptor (-1) passed to $fwrite is not valid
Finished circuit initialization process.
P:  0
P:  1
P:  2
P:  3
P:  4
P:  5
P:  6
P:  7
P:  0
P:  1
P:  2
P:  3
P:  4
P:  5
P:  6
P:  7
P:  0
P:  1
P:  2
P:  3
P:  4
P:  5
P:  6
P:  7
P:  0
P:  1
P:  2
P:  3
P:  4
P:  5
P:  6
P:  7
P:  0
P:  1
P:  2
P:  3
P:  4
P:  5
P:  6
P:  7
P:  0
P:  1
P:  2
P:  3
P:  4
P:  5
P:  6
P:  7
P:  0
P:  1
P:  2
P:  3
P:  4
P:  5
P:  6
P:  7
P:  0
P:  1
P:  2
P:  3
P:  4
P:  5
P:  6
P:  7
P:  0
P:  1
P:  2
P:  3
P:  4
P:  5
P:  6
P:  7
P:  0
P:  1
P:  2
P:  3
P:  4
P:  5
P:  6
P:  7
P:  0
P:  1
P:  2
P:  3
P:  4
P:  5
P:  6
P:  7
P:  0
P:  1
P:  2
P:  3
P:  4
P:  5
P:  6
P:  7
P:  0
P:  1
P:  2
P:  3
P:  4
P:  5
P:  6
P:  7
P:  0
P:  1
P:  2
P:  3
P:  4
P:  5
P:  6
P:  7
P:  0
P:  1
P:  2
P:  3
P:  4
P:  5
P:  6
P:  7
P:  0
P:  1
P:  2
P:  3
P:  4
P:  5
P:  6
P:  7
P:  0
P:  1
P:  2
P:  3
P:  4
P:  5
P:  6
P:  7
P:  0
P:  1
P:  2
P:  3
P:  4
P:  5
P:  6
P:  7
P:  0
P:  1
P:  2
P:  3
P:  4
P:  5
P:  6
P:  7
P:  0
P:  1
P:  2
P:  3
P:  4
P:  5
P:  6
P:  7
P:  0
P:  1
P:  2
P:  3
P:  4
P:  5
P:  6
P:  7
P:  0
P:  1
P:  2
P:  3
P:  4
P:  5
P:  6
P:  7
P:  0
P:  1
P:  2
P:  3
P:  4
P:  5
P:  6
P:  7
P:  0
P:  1
P:  2
P:  3
P:  4
P:  5
P:  6
P:  7
P:  0
P:  1
P:  2
P:  3
P:  4
P:  5
P:  6
P:  7
P:  0
P:  1
P:  2
P:  3
P:  4
P:  5
P:  6
P:  7
P:  0
P:  1
P:  2
P:  3
P:  4
P:  5
P:  6
P:  7
P:  0
P:  1
P:  2
P:  3
P:  4
P:  5
P:  6
P:  7
P:  0
P:  1
P:  2
P:  3
P:  4
P:  5
P:  6
P:  7
P:  0
P:  1
P:  2
P:  3
P:  4
P:  5
P:  6
P:  7
P:  0
P:  1
P:  2
P:  3
P:  4
P:  5
P:  6
P:  7
P:  0
P:  1
P:  2
P:  3
P:  4
P:  5
P:  6
P:  7
P:  0
P:  1
P:  2
P:  3
P:  4
P:  5
P:  6
P:  7
P:  0
P:  1
P:  2
P:  3
P:  4
P:  5
P:  6
P:  7
P:  0
P:  1
P:  2
P:  3
P:  4
P:  5
P:  6
P:  7
WARNING: File descriptor (-19999) passed to $fwrite is not valid
WARNING: File descriptor (-19999) passed to $fwrite is not valid
WARNING: File descriptor (-19999) passed to $fwrite is not valid
WARNING: File descriptor (-19999) passed to $fwrite is not valid
P:  0
WARNING: File descriptor (-19999) passed to $fwrite is not valid
P:  1
WARNING: File descriptor (-19999) passed to $fwrite is not valid
P:  2
WARNING: File descriptor (-19999) passed to $fwrite is not valid
P:  3
WARNING: File descriptor (-19999) passed to $fwrite is not valid
P:  4
WARNING: File descriptor (-19999) passed to $fwrite is not valid
P:  5
WARNING: File descriptor (-19999) passed to $fwrite is not valid
P:  6
WARNING: File descriptor (-19999) passed to $fwrite is not valid
P:  7
WARNING: File descriptor (-19999) passed to $fwrite is not valid
ERROR: File descriptor (-20000) passed to $fgetc is not valid
WARNING: File descriptor (-19999) passed to $fwrite is not valid
WARNING: File/Multi-channel descriptor (-20000) passed to $fclose is not valid
WARNING: File/Multi-channel descriptor (-19999) passed to $fclose is not valid
WARNING: File/Multi-channel descriptor (2) passed to $fclose is not valid
WARNING: File descriptor (-19999) passed to $fwrite is not valid
WARNING: File descriptor (-19999) passed to $fwrite is not valid
WARNING: File descriptor (-19999) passed to $fwrite is not valid
WARNING: File descriptor (-19999) passed to $fwrite is not valid
P:  0
WARNING: File descriptor (-19999) passed to $fwrite is not valid
P:  1
WARNING: File descriptor (-19999) passed to $fwrite is not valid
P:  2
WARNING: File descriptor (-19999) passed to $fwrite is not valid
P:  3
WARNING: File descriptor (-19999) passed to $fwrite is not valid
P:  4
WARNING: File descriptor (-19999) passed to $fwrite is not valid
P:  5
WARNING: File descriptor (-19999) passed to $fwrite is not valid
P:  6
WARNING: File descriptor (-19999) passed to $fwrite is not valid
P:  7
WARNING: File descriptor (-19999) passed to $fwrite is not valid
ERROR: File descriptor (-20000) passed to $fgetc is not valid
WARNING: File descriptor (-19999) passed to $fwrite is not valid
WARNING: File/Multi-channel descriptor (-20000) passed to $fclose is not valid
WARNING: File/Multi-channel descriptor (-19999) passed to $fclose is not valid
WARNING: File/Multi-channel descriptor (2) passed to $fclose is not valid
WARNING: File descriptor (-19999) passed to $fwrite is not valid
WARNING: File descriptor (-19999) passed to $fwrite is not valid
WARNING: File descriptor (-19999) passed to $fwrite is not valid
WARNING: File descriptor (-19999) passed to $fwrite is not valid
P:  0
WARNING: File descriptor (-19999) passed to $fwrite is not valid
P:  1
# exit 0
